build/app/intermediates/manifest_merge_blame_file/debug/processDebugMainManifest/manifest-merger-blame-debug-report.txt
1<?xml version="1.0" encoding="utf-8"?>
2<manifest xmlns:android="http://schemas.android.com/apk/res/android"
3    package="com.sixamtech.sarvadhi_mart_user"
4    android:versionCode="1"
5    android:versionName="1.0.0" >
6
7    <uses-sdk
8        android:minSdkVersion="23"
9        android:targetSdkVersion="34" />
10    <!--
11         Flutter needs it to communicate with the running application
12         to allow setting breakpoints, to provide hot reload, etc.
13    -->
14    <uses-permission android:name="android.permission.INTERNET" />
14-->src/main/AndroidManifest.xml:8:5-66
14-->src/main/AndroidManifest.xml:8:22-64
15    <uses-permission android:name="android.permission.ACCESS_FINE_LOCATION" />
15-->src/main/AndroidManifest.xml:9:5-79
15-->src/main/AndroidManifest.xml:9:22-76
16    <uses-permission android:name="android.permission.ACCESS_COARSE_LOCATION" />
16-->src/main/AndroidManifest.xml:10:5-81
16-->src/main/AndroidManifest.xml:10:22-78
17
18    <queries>
18-->src/main/AndroidManifest.xml:12:5-25:15
19        <intent>
19-->src/main/AndroidManifest.xml:13:9-16:18
20            <action android:name="android.intent.action.VIEW" />
20-->src/main/AndroidManifest.xml:14:13-65
20-->src/main/AndroidManifest.xml:14:21-62
21
22            <data android:scheme="https" />
22-->src/main/AndroidManifest.xml:15:13-44
22-->src/main/AndroidManifest.xml:15:19-41
23        </intent>
24        <intent>
24-->src/main/AndroidManifest.xml:17:9-20:18
25            <action android:name="android.intent.action.DIAL" />
25-->src/main/AndroidManifest.xml:18:13-65
25-->src/main/AndroidManifest.xml:18:21-62
26
27            <data android:scheme="tel" />
27-->src/main/AndroidManifest.xml:15:13-44
27-->src/main/AndroidManifest.xml:15:19-41
28        </intent>
29        <intent>
29-->src/main/AndroidManifest.xml:21:9-24:18
30            <action android:name="android.intent.action.SEND" />
30-->src/main/AndroidManifest.xml:22:13-65
30-->src/main/AndroidManifest.xml:22:21-62
31
32            <data android:mimeType="*/*" />
32-->src/main/AndroidManifest.xml:15:13-44
33        </intent>
34        <intent>
34-->[:flutter_inappwebview_android] AndroidManifest.xml:8:9-10:18
35            <action android:name="android.support.customtabs.action.CustomTabsService" />
35-->[:flutter_inappwebview_android] AndroidManifest.xml:9:13-90
35-->[:flutter_inappwebview_android] AndroidManifest.xml:9:21-87
36        </intent>
37
38        <package android:name="com.facebook.katana" /> <!-- Needs to be explicitly declared on Android R+ -->
38-->[com.facebook.android:facebook-common:17.0.2] AndroidManifest.xml:18:9-55
38-->[com.facebook.android:facebook-common:17.0.2] AndroidManifest.xml:18:18-52
39        <package android:name="com.google.android.apps.maps" />
39-->[com.google.android.gms:play-services-maps:18.2.0] AndroidManifest.xml:33:9-64
39-->[com.google.android.gms:play-services-maps:18.2.0] AndroidManifest.xml:33:18-61
40    </queries>
41
42    <uses-permission android:name="android.permission.ACCESS_NETWORK_STATE" />
42-->[:connectivity_plus] AndroidManifest.xml:7:5-79
42-->[:connectivity_plus] AndroidManifest.xml:7:22-76
43    <uses-permission android:name="android.permission.WAKE_LOCK" /> <!-- Permissions options for the `notification` group -->
43-->[:firebase_messaging] AndroidManifest.xml:8:5-68
43-->[:firebase_messaging] AndroidManifest.xml:8:22-65
44    <uses-permission android:name="android.permission.POST_NOTIFICATIONS" />
44-->[:firebase_messaging] AndroidManifest.xml:11:5-77
44-->[:firebase_messaging] AndroidManifest.xml:11:22-74
45    <uses-permission android:name="android.permission.VIBRATE" />
45-->[:flutter_local_notifications] AndroidManifest.xml:7:5-66
45-->[:flutter_local_notifications] AndroidManifest.xml:7:22-63
46
47    <uses-feature
47-->[com.google.android.gms:play-services-maps:18.2.0] AndroidManifest.xml:26:5-28:35
48        android:glEsVersion="0x00020000"
48-->[com.google.android.gms:play-services-maps:18.2.0] AndroidManifest.xml:27:9-41
49        android:required="true" /> <!-- Required by older versions of Google Play services to create IID tokens -->
49-->[com.google.android.gms:play-services-maps:18.2.0] AndroidManifest.xml:28:9-32
50    <uses-permission android:name="com.google.android.c2dm.permission.RECEIVE" />
50-->[com.google.firebase:firebase-messaging:24.0.3] AndroidManifest.xml:26:5-82
50-->[com.google.firebase:firebase-messaging:24.0.3] AndroidManifest.xml:26:22-79
51    <uses-permission android:name="com.google.android.providers.gsf.permission.READ_GSERVICES" />
51-->[com.google.android.recaptcha:recaptcha:18.5.1] AndroidManifest.xml:9:5-98
51-->[com.google.android.recaptcha:recaptcha:18.5.1] AndroidManifest.xml:9:22-95
52    <uses-permission android:name="com.google.android.gms.permission.AD_ID" />
52-->[com.facebook.android:facebook-core:17.0.2] AndroidManifest.xml:16:5-79
52-->[com.facebook.android:facebook-core:17.0.2] AndroidManifest.xml:16:22-76
53
54    <permission
54-->[androidx.core:core:1.13.1] AndroidManifest.xml:22:5-24:47
55        android:name="com.sixamtech.sarvadhi_mart_user.DYNAMIC_RECEIVER_NOT_EXPORTED_PERMISSION"
55-->[androidx.core:core:1.13.1] AndroidManifest.xml:23:9-81
56        android:protectionLevel="signature" />
56-->[androidx.core:core:1.13.1] AndroidManifest.xml:24:9-44
57
58    <uses-permission android:name="com.sixamtech.sarvadhi_mart_user.DYNAMIC_RECEIVER_NOT_EXPORTED_PERMISSION" />
58-->[androidx.core:core:1.13.1] AndroidManifest.xml:26:5-97
58-->[androidx.core:core:1.13.1] AndroidManifest.xml:26:22-94
59    <uses-permission android:name="com.google.android.finsky.permission.BIND_GET_INSTALL_REFERRER_SERVICE" />
59-->[com.android.installreferrer:installreferrer:1.0] AndroidManifest.xml:9:5-110
59-->[com.android.installreferrer:installreferrer:1.0] AndroidManifest.xml:9:22-107
60
61    <application
62        android:name="android.app.Application"
63        android:appComponentFactory="androidx.core.app.CoreComponentFactory"
63-->[androidx.core:core:1.13.1] AndroidManifest.xml:28:18-86
64        android:debuggable="true"
65        android:extractNativeLibs="true"
66        android:icon="@mipmap/ic_launcher"
67        android:label="Sarvadhi_Mart"
68        android:requestLegacyExternalStorage="true"
69        android:supportsRtl="true"
69-->[com.facebook.android:facebook-android-sdk:17.0.2] AndroidManifest.xml:16:18-44
70        android:usesCleartextTraffic="true" >
71        <meta-data
72            android:name="com.google.android.geo.API_KEY"
73            android:value="AIzaSyCaCSJ0BZItSyXqBv8vpD1N4WBffJeKhLQ" />
74
75        <activity
76            android:name="com.sixamtech.sarvadhi_mart_user.MainActivity"
77            android:configChanges="orientation|keyboardHidden|keyboard|screenSize|smallestScreenSize|locale|layoutDirection|fontScale|screenLayout|density|uiMode"
78            android:exported="true"
79            android:hardwareAccelerated="true"
80            android:launchMode="singleTop"
81            android:theme="@style/LaunchTheme"
82            android:windowSoftInputMode="adjustResize" >
83
84            <!--
85                 Specifies an Android theme to apply to this Activity as soon as
86                 the Android process has started. This theme is visible to the user
87                 while the Flutter UI initializes. After that, this theme continues
88                 to determine the Window background behind the Flutter UI.
89            -->
90            <meta-data
91                android:name="io.flutter.embedding.android.NormalTheme"
92                android:resource="@style/NormalTheme" />
93            <!--
94                 Displays an Android View that continues showing the launch screen
95                 Drawable until Flutter paints its first frame, then this splash
96                 screen fades out. A splash screen is useful to avoid any visual
97                 gap between the end of Android's launch screen and the painting of
98                 Flutter's first frame.
99            -->
100            <meta-data
101                android:name="io.flutter.embedding.android.SplashScreenDrawable"
102                android:resource="@drawable/launch_background" />
103            <meta-data
104                android:name="com.google.firebase.messaging.default_notification_channel_id"
105                android:value="Sarvadhi_Mart" />
106
107            <intent-filter>
108                <action android:name="android.intent.action.MAIN" />
109
110                <category android:name="android.intent.category.LAUNCHER" />
111            </intent-filter>
112            <intent-filter>
113                <action android:name="FLUTTER_NOTIFICATION_CLICK" />
114
115                <category android:name="android.intent.category.DEFAULT" />
115-->[com.facebook.android:facebook-common:17.0.2] AndroidManifest.xml:34:17-76
115-->[com.facebook.android:facebook-common:17.0.2] AndroidManifest.xml:34:27-73
116            </intent-filter>
117        </activity>
118        <!--
119             Don't delete the meta-data below.
120             This is used by the Flutter tool to generate GeneratedPluginRegistrant.java
121        -->
122        <meta-data
123            android:name="flutterEmbedding"
124            android:value="2" />
125        <meta-data
126            android:name="com.facebook.sdk.ApplicationId"
127            android:value="@string/facebook_app_id" />
128        <meta-data
129            android:name="com.facebook.sdk.ClientToken"
130            android:value="@string/facebook_client_token" />
131
132        <activity
133            android:name="com.sixamtech.sarvadhi_mart_user.sign_in_with_apple.SignInWithAppleCallback"
134            android:exported="true" >
135            <intent-filter>
136                <action android:name="android.intent.action.VIEW" />
136-->src/main/AndroidManifest.xml:14:13-65
136-->src/main/AndroidManifest.xml:14:21-62
137
138                <category android:name="android.intent.category.DEFAULT" />
138-->[com.facebook.android:facebook-common:17.0.2] AndroidManifest.xml:34:17-76
138-->[com.facebook.android:facebook-common:17.0.2] AndroidManifest.xml:34:27-73
139                <category android:name="android.intent.category.BROWSABLE" />
139-->[com.facebook.android:facebook-common:17.0.2] AndroidManifest.xml:35:17-78
139-->[com.facebook.android:facebook-common:17.0.2] AndroidManifest.xml:35:27-75
140
141                <data android:scheme="signinwithapple" />
141-->src/main/AndroidManifest.xml:15:13-44
141-->src/main/AndroidManifest.xml:15:19-41
142                <data android:path="callback" />
142-->src/main/AndroidManifest.xml:15:13-44
143            </intent-filter>
144        </activity>
145
146        <service
146-->[:firebase_auth] AndroidManifest.xml:8:9-12:19
147            android:name="com.google.firebase.components.ComponentDiscoveryService"
147-->[:firebase_auth] AndroidManifest.xml:8:18-89
148            android:directBootAware="true"
148-->[com.google.firebase:firebase-common:21.0.0] AndroidManifest.xml:32:13-43
149            android:exported="false" >
149-->[com.google.firebase:firebase-auth:23.1.0] AndroidManifest.xml:68:13-37
150            <meta-data
150-->[:firebase_auth] AndroidManifest.xml:9:13-11:85
151                android:name="com.google.firebase.components:io.flutter.plugins.firebase.auth.FlutterFirebaseAuthRegistrar"
151-->[:firebase_auth] AndroidManifest.xml:10:17-124
152                android:value="com.google.firebase.components.ComponentRegistrar" />
152-->[:firebase_auth] AndroidManifest.xml:11:17-82
153            <meta-data
153-->[:firebase_crashlytics] AndroidManifest.xml:9:13-11:85
154                android:name="com.google.firebase.components:io.flutter.plugins.firebase.crashlytics.FlutterFirebaseAppRegistrar"
154-->[:firebase_crashlytics] AndroidManifest.xml:10:17-130
155                android:value="com.google.firebase.components.ComponentRegistrar" />
155-->[:firebase_crashlytics] AndroidManifest.xml:11:17-82
156            <meta-data
156-->[:firebase_messaging] AndroidManifest.xml:36:13-38:85
157                android:name="com.google.firebase.components:io.flutter.plugins.firebase.messaging.FlutterFirebaseAppRegistrar"
157-->[:firebase_messaging] AndroidManifest.xml:37:17-128
158                android:value="com.google.firebase.components.ComponentRegistrar" />
158-->[:firebase_messaging] AndroidManifest.xml:38:17-82
159            <meta-data
159-->[:firebase_core] AndroidManifest.xml:9:13-11:85
160                android:name="com.google.firebase.components:io.flutter.plugins.firebase.core.FlutterFirebaseCoreRegistrar"
160-->[:firebase_core] AndroidManifest.xml:10:17-124
161                android:value="com.google.firebase.components.ComponentRegistrar" />
161-->[:firebase_core] AndroidManifest.xml:11:17-82
162            <meta-data
162-->[com.google.firebase:firebase-auth:23.1.0] AndroidManifest.xml:69:13-71:85
163                android:name="com.google.firebase.components:com.google.firebase.auth.FirebaseAuthRegistrar"
163-->[com.google.firebase:firebase-auth:23.1.0] AndroidManifest.xml:70:17-109
164                android:value="com.google.firebase.components.ComponentRegistrar" />
164-->[com.google.firebase:firebase-auth:23.1.0] AndroidManifest.xml:71:17-82
165            <meta-data
165-->[com.google.firebase:firebase-messaging:24.0.3] AndroidManifest.xml:57:13-59:85
166                android:name="com.google.firebase.components:com.google.firebase.messaging.FirebaseMessagingKtxRegistrar"
166-->[com.google.firebase:firebase-messaging:24.0.3] AndroidManifest.xml:58:17-122
167                android:value="com.google.firebase.components.ComponentRegistrar" />
167-->[com.google.firebase:firebase-messaging:24.0.3] AndroidManifest.xml:59:17-82
168            <meta-data
168-->[com.google.firebase:firebase-messaging:24.0.3] AndroidManifest.xml:60:13-62:85
169                android:name="com.google.firebase.components:com.google.firebase.messaging.FirebaseMessagingRegistrar"
169-->[com.google.firebase:firebase-messaging:24.0.3] AndroidManifest.xml:61:17-119
170                android:value="com.google.firebase.components.ComponentRegistrar" />
170-->[com.google.firebase:firebase-messaging:24.0.3] AndroidManifest.xml:62:17-82
171            <meta-data
171-->[com.google.firebase:firebase-crashlytics:19.2.1] AndroidManifest.xml:15:13-17:85
172                android:name="com.google.firebase.components:com.google.firebase.crashlytics.FirebaseCrashlyticsKtxRegistrar"
172-->[com.google.firebase:firebase-crashlytics:19.2.1] AndroidManifest.xml:16:17-126
173                android:value="com.google.firebase.components.ComponentRegistrar" />
173-->[com.google.firebase:firebase-crashlytics:19.2.1] AndroidManifest.xml:17:17-82
174            <meta-data
174-->[com.google.firebase:firebase-crashlytics:19.2.1] AndroidManifest.xml:18:13-20:85
175                android:name="com.google.firebase.components:com.google.firebase.crashlytics.CrashlyticsRegistrar"
175-->[com.google.firebase:firebase-crashlytics:19.2.1] AndroidManifest.xml:19:17-115
176                android:value="com.google.firebase.components.ComponentRegistrar" />
176-->[com.google.firebase:firebase-crashlytics:19.2.1] AndroidManifest.xml:20:17-82
177            <meta-data
177-->[com.google.firebase:firebase-sessions:2.0.6] AndroidManifest.xml:29:13-31:85
178                android:name="com.google.firebase.components:com.google.firebase.sessions.FirebaseSessionsRegistrar"
178-->[com.google.firebase:firebase-sessions:2.0.6] AndroidManifest.xml:30:17-117
179                android:value="com.google.firebase.components.ComponentRegistrar" />
179-->[com.google.firebase:firebase-sessions:2.0.6] AndroidManifest.xml:31:17-82
180            <meta-data
180-->[com.google.firebase:firebase-installations:18.0.0] AndroidManifest.xml:15:13-17:85
181                android:name="com.google.firebase.components:com.google.firebase.installations.FirebaseInstallationsKtxRegistrar"
181-->[com.google.firebase:firebase-installations:18.0.0] AndroidManifest.xml:16:17-130
182                android:value="com.google.firebase.components.ComponentRegistrar" />
182-->[com.google.firebase:firebase-installations:18.0.0] AndroidManifest.xml:17:17-82
183            <meta-data
183-->[com.google.firebase:firebase-installations:18.0.0] AndroidManifest.xml:18:13-20:85
184                android:name="com.google.firebase.components:com.google.firebase.installations.FirebaseInstallationsRegistrar"
184-->[com.google.firebase:firebase-installations:18.0.0] AndroidManifest.xml:19:17-127
185                android:value="com.google.firebase.components.ComponentRegistrar" />
185-->[com.google.firebase:firebase-installations:18.0.0] AndroidManifest.xml:20:17-82
186            <meta-data
186-->[com.google.firebase:firebase-common-ktx:21.0.0] AndroidManifest.xml:12:13-14:85
187                android:name="com.google.firebase.components:com.google.firebase.ktx.FirebaseCommonLegacyRegistrar"
187-->[com.google.firebase:firebase-common-ktx:21.0.0] AndroidManifest.xml:13:17-116
188                android:value="com.google.firebase.components.ComponentRegistrar" />
188-->[com.google.firebase:firebase-common-ktx:21.0.0] AndroidManifest.xml:14:17-82
189            <meta-data
189-->[com.google.firebase:firebase-common:21.0.0] AndroidManifest.xml:35:13-37:85
190                android:name="com.google.firebase.components:com.google.firebase.FirebaseCommonKtxRegistrar"
190-->[com.google.firebase:firebase-common:21.0.0] AndroidManifest.xml:36:17-109
191                android:value="com.google.firebase.components.ComponentRegistrar" />
191-->[com.google.firebase:firebase-common:21.0.0] AndroidManifest.xml:37:17-82
192            <meta-data
192-->[com.google.firebase:firebase-datatransport:19.0.0] AndroidManifest.xml:25:13-27:85
193                android:name="com.google.firebase.components:com.google.firebase.datatransport.TransportRegistrar"
193-->[com.google.firebase:firebase-datatransport:19.0.0] AndroidManifest.xml:26:17-115
194                android:value="com.google.firebase.components.ComponentRegistrar" />
194-->[com.google.firebase:firebase-datatransport:19.0.0] AndroidManifest.xml:27:17-82
195        </service>
196        <service
196-->[:firebase_messaging] AndroidManifest.xml:14:9-17:72
197            android:name="io.flutter.plugins.firebase.messaging.FlutterFirebaseMessagingBackgroundService"
197-->[:firebase_messaging] AndroidManifest.xml:15:13-107
198            android:exported="false"
198-->[:firebase_messaging] AndroidManifest.xml:16:13-37
199            android:permission="android.permission.BIND_JOB_SERVICE" />
199-->[:firebase_messaging] AndroidManifest.xml:17:13-69
200        <service
200-->[:firebase_messaging] AndroidManifest.xml:18:9-24:19
201            android:name="io.flutter.plugins.firebase.messaging.FlutterFirebaseMessagingService"
201-->[:firebase_messaging] AndroidManifest.xml:19:13-97
202            android:exported="false" >
202-->[:firebase_messaging] AndroidManifest.xml:20:13-37
203            <intent-filter>
203-->[:firebase_messaging] AndroidManifest.xml:21:13-23:29
204                <action android:name="com.google.firebase.MESSAGING_EVENT" />
204-->[:firebase_messaging] AndroidManifest.xml:22:17-78
204-->[:firebase_messaging] AndroidManifest.xml:22:25-75
205            </intent-filter>
206        </service>
207
208        <receiver
208-->[:firebase_messaging] AndroidManifest.xml:26:9-33:20
209            android:name="io.flutter.plugins.firebase.messaging.FlutterFirebaseMessagingReceiver"
209-->[:firebase_messaging] AndroidManifest.xml:27:13-98
210            android:exported="true"
210-->[:firebase_messaging] AndroidManifest.xml:28:13-36
211            android:permission="com.google.android.c2dm.permission.SEND" >
211-->[:firebase_messaging] AndroidManifest.xml:29:13-73
212            <intent-filter>
212-->[:firebase_messaging] AndroidManifest.xml:30:13-32:29
213                <action android:name="com.google.android.c2dm.intent.RECEIVE" />
213-->[:firebase_messaging] AndroidManifest.xml:31:17-81
213-->[:firebase_messaging] AndroidManifest.xml:31:25-78
214            </intent-filter>
215        </receiver>
216
217        <provider
217-->[:firebase_messaging] AndroidManifest.xml:41:9-45:38
218            android:name="io.flutter.plugins.firebase.messaging.FlutterFirebaseMessagingInitProvider"
218-->[:firebase_messaging] AndroidManifest.xml:42:13-102
219            android:authorities="com.sixamtech.sarvadhi_mart_user.flutterfirebasemessaginginitprovider"
219-->[:firebase_messaging] AndroidManifest.xml:43:13-88
220            android:exported="false"
220-->[:firebase_messaging] AndroidManifest.xml:44:13-37
221            android:initOrder="99" />
221-->[:firebase_messaging] AndroidManifest.xml:45:13-35
222
223        <activity
223-->[:flutter_inappwebview_android] AndroidManifest.xml:14:9-18:47
224            android:name="com.pichillilorenzo.flutter_inappwebview_android.in_app_browser.InAppBrowserActivity"
224-->[:flutter_inappwebview_android] AndroidManifest.xml:15:13-112
225            android:configChanges="orientation|keyboardHidden|keyboard|screenSize|locale|layoutDirection|fontScale|screenLayout|density"
225-->[:flutter_inappwebview_android] AndroidManifest.xml:16:13-137
226            android:exported="false"
226-->[:flutter_inappwebview_android] AndroidManifest.xml:17:13-37
227            android:theme="@style/AppTheme" />
227-->[:flutter_inappwebview_android] AndroidManifest.xml:18:13-44
228        <activity
228-->[:flutter_inappwebview_android] AndroidManifest.xml:19:9-22:55
229            android:name="com.pichillilorenzo.flutter_inappwebview_android.chrome_custom_tabs.ChromeCustomTabsActivity"
229-->[:flutter_inappwebview_android] AndroidManifest.xml:20:13-120
230            android:exported="false"
230-->[:flutter_inappwebview_android] AndroidManifest.xml:21:13-37
231            android:theme="@style/ThemeTransparent" />
231-->[:flutter_inappwebview_android] AndroidManifest.xml:22:13-52
232        <activity
232-->[:flutter_inappwebview_android] AndroidManifest.xml:23:9-26:55
233            android:name="com.pichillilorenzo.flutter_inappwebview_android.chrome_custom_tabs.TrustedWebActivity"
233-->[:flutter_inappwebview_android] AndroidManifest.xml:24:13-114
234            android:exported="false"
234-->[:flutter_inappwebview_android] AndroidManifest.xml:25:13-37
235            android:theme="@style/ThemeTransparent" />
235-->[:flutter_inappwebview_android] AndroidManifest.xml:26:13-52
236        <activity
236-->[:flutter_inappwebview_android] AndroidManifest.xml:27:9-31:55
237            android:name="com.pichillilorenzo.flutter_inappwebview_android.chrome_custom_tabs.ChromeCustomTabsActivitySingleInstance"
237-->[:flutter_inappwebview_android] AndroidManifest.xml:28:13-134
238            android:exported="false"
238-->[:flutter_inappwebview_android] AndroidManifest.xml:29:13-37
239            android:launchMode="singleInstance"
239-->[:flutter_inappwebview_android] AndroidManifest.xml:30:13-48
240            android:theme="@style/ThemeTransparent" />
240-->[:flutter_inappwebview_android] AndroidManifest.xml:31:13-52
241        <activity
241-->[:flutter_inappwebview_android] AndroidManifest.xml:32:9-36:55
242            android:name="com.pichillilorenzo.flutter_inappwebview_android.chrome_custom_tabs.TrustedWebActivitySingleInstance"
242-->[:flutter_inappwebview_android] AndroidManifest.xml:33:13-128
243            android:exported="false"
243-->[:flutter_inappwebview_android] AndroidManifest.xml:34:13-37
244            android:launchMode="singleInstance"
244-->[:flutter_inappwebview_android] AndroidManifest.xml:35:13-48
245            android:theme="@style/ThemeTransparent" />
245-->[:flutter_inappwebview_android] AndroidManifest.xml:36:13-52
246
247        <receiver
247-->[:flutter_inappwebview_android] AndroidManifest.xml:38:9-41:40
248            android:name="com.pichillilorenzo.flutter_inappwebview_android.chrome_custom_tabs.ActionBroadcastReceiver"
248-->[:flutter_inappwebview_android] AndroidManifest.xml:39:13-119
249            android:enabled="true"
249-->[:flutter_inappwebview_android] AndroidManifest.xml:40:13-35
250            android:exported="false" />
250-->[:flutter_inappwebview_android] AndroidManifest.xml:41:13-37
251
252        <meta-data
252-->[:flutter_inappwebview_android] AndroidManifest.xml:43:9-45:36
253            android:name="io.flutter.embedded_views_preview"
253-->[:flutter_inappwebview_android] AndroidManifest.xml:44:13-61
254            android:value="true" />
254-->[:flutter_inappwebview_android] AndroidManifest.xml:45:13-33
255
256        <provider
256-->[:image_picker_android] AndroidManifest.xml:9:9-17:20
257            android:name="io.flutter.plugins.imagepicker.ImagePickerFileProvider"
257-->[:image_picker_android] AndroidManifest.xml:10:13-82
258            android:authorities="com.sixamtech.sarvadhi_mart_user.flutter.image_provider"
258-->[:image_picker_android] AndroidManifest.xml:11:13-74
259            android:exported="false"
259-->[:image_picker_android] AndroidManifest.xml:12:13-37
260            android:grantUriPermissions="true" >
260-->[:image_picker_android] AndroidManifest.xml:13:13-47
261            <meta-data
261-->[:image_picker_android] AndroidManifest.xml:14:13-16:75
262                android:name="android.support.FILE_PROVIDER_PATHS"
262-->[:image_picker_android] AndroidManifest.xml:15:17-67
263                android:resource="@xml/flutter_image_picker_file_paths" />
263-->[:image_picker_android] AndroidManifest.xml:16:17-72
264        </provider> <!-- Trigger Google Play services to install the backported photo picker module. -->
265        <service
265-->[:image_picker_android] AndroidManifest.xml:19:9-31:19
266            android:name="com.google.android.gms.metadata.ModuleDependencies"
266-->[:image_picker_android] AndroidManifest.xml:20:13-78
267            android:enabled="false"
267-->[:image_picker_android] AndroidManifest.xml:21:13-36
268            android:exported="false" >
268-->[:image_picker_android] AndroidManifest.xml:22:13-37
269            <intent-filter>
269-->[:image_picker_android] AndroidManifest.xml:24:13-26:29
270                <action android:name="com.google.android.gms.metadata.MODULE_DEPENDENCIES" />
270-->[:image_picker_android] AndroidManifest.xml:25:17-94
270-->[:image_picker_android] AndroidManifest.xml:25:25-91
271            </intent-filter>
272
273            <meta-data
273-->[:image_picker_android] AndroidManifest.xml:28:13-30:36
274                android:name="photopicker_activity:0:required"
274-->[:image_picker_android] AndroidManifest.xml:29:17-63
275                android:value="" />
275-->[:image_picker_android] AndroidManifest.xml:30:17-33
276        </service>
277        <service
277-->[:geolocator_android] AndroidManifest.xml:8:9-12:56
278            android:name="com.baseflow.geolocator.GeolocatorLocationService"
278-->[:geolocator_android] AndroidManifest.xml:9:13-77
279            android:enabled="true"
279-->[:geolocator_android] AndroidManifest.xml:10:13-35
280            android:exported="false"
280-->[:geolocator_android] AndroidManifest.xml:11:13-37
281            android:foregroundServiceType="location" />
281-->[:geolocator_android] AndroidManifest.xml:12:13-53
282        <service
282-->[:location] AndroidManifest.xml:11:9-15:56
283            android:name="com.lyokone.location.FlutterLocationService"
283-->[:location] AndroidManifest.xml:12:13-71
284            android:enabled="true"
284-->[:location] AndroidManifest.xml:13:13-35
285            android:exported="false"
285-->[:location] AndroidManifest.xml:14:13-37
286            android:foregroundServiceType="location" />
286-->[:location] AndroidManifest.xml:15:13-53
287        <!--
288           Declares a provider which allows us to store files to share in
289           '.../caches/share_plus' and grant the receiving action access
290        -->
291        <provider
291-->[:share_plus] AndroidManifest.xml:13:9-21:20
292            android:name="dev.fluttercommunity.plus.share.ShareFileProvider"
292-->[:share_plus] AndroidManifest.xml:14:13-77
293            android:authorities="com.sixamtech.sarvadhi_mart_user.flutter.share_provider"
293-->[:share_plus] AndroidManifest.xml:15:13-74
294            android:exported="false"
294-->[:share_plus] AndroidManifest.xml:16:13-37
295            android:grantUriPermissions="true" >
295-->[:share_plus] AndroidManifest.xml:17:13-47
296            <meta-data
296-->[:image_picker_android] AndroidManifest.xml:14:13-16:75
297                android:name="android.support.FILE_PROVIDER_PATHS"
297-->[:image_picker_android] AndroidManifest.xml:15:17-67
298                android:resource="@xml/flutter_share_file_paths" />
298-->[:image_picker_android] AndroidManifest.xml:16:17-72
299        </provider>
300        <!--
301           This manifest declared broadcast receiver allows us to use an explicit
302           Intent when creating a PendingItent to be informed of the user's choice
303        -->
304        <receiver
304-->[:share_plus] AndroidManifest.xml:26:9-32:20
305            android:name="dev.fluttercommunity.plus.share.SharePlusPendingIntent"
305-->[:share_plus] AndroidManifest.xml:27:13-82
306            android:exported="false" >
306-->[:share_plus] AndroidManifest.xml:28:13-37
307            <intent-filter>
307-->[:share_plus] AndroidManifest.xml:29:13-31:29
308                <action android:name="EXTRA_CHOSEN_COMPONENT" />
308-->[:share_plus] AndroidManifest.xml:30:17-65
308-->[:share_plus] AndroidManifest.xml:30:25-62
309            </intent-filter>
310        </receiver>
311
312        <activity
312-->[:url_launcher_android] AndroidManifest.xml:8:9-11:74
313            android:name="io.flutter.plugins.urllauncher.WebViewActivity"
313-->[:url_launcher_android] AndroidManifest.xml:9:13-74
314            android:exported="false"